{"D:\\LawSikho\\POC\\CURD-OPERATION-PG-SQL\\server.js": {"path":"D:\\LawSikho\\POC\\CURD-OPERATION-PG-SQL\\server.js","statementMap":{"0":{"start":{"line":1,"column":16},"end":{"line":1,"column":34}},"1":{"start":{"line":2,"column":19},"end":{"line":2,"column":41}},"2":{"start":{"line":3,"column":19},"end":{"line":3,"column":50}},"3":{"start":{"line":4,"column":18},"end":{"line":4,"column":40}},"4":{"start":{"line":5,"column":18},"end":{"line":5,"column":47}},"5":{"start":{"line":6,"column":13},"end":{"line":6,"column":30}},"6":{"start":{"line":7,"column":15},"end":{"line":7,"column":32}},"7":{"start":{"line":10,"column":12},"end":{"line":10,"column":21}},"8":{"start":{"line":13,"column":0},"end":{"line":13,"column":27}},"9":{"start":{"line":15,"column":0},"end":{"line":15,"column":12}},"10":{"start":{"line":18,"column":24},"end":{"line":18,"column":59}},"11":{"start":{"line":21,"column":0},"end":{"line":21,"column":72}},"12":{"start":{"line":24,"column":0},"end":{"line":24,"column":34}},"13":{"start":{"line":26,"column":0},"end":{"line":36,"column":5}},"14":{"start":{"line":27,"column":4},"end":{"line":35,"column":5}},"15":{"start":{"line":28,"column":8},"end":{"line":28,"column":31}},"16":{"start":{"line":29,"column":8},"end":{"line":32,"column":11}},"17":{"start":{"line":30,"column":12},"end":{"line":30,"column":68}},"18":{"start":{"line":31,"column":12},"end":{"line":31,"column":97}},"19":{"start":{"line":34,"column":8},"end":{"line":34,"column":60}},"20":{"start":{"line":39,"column":0},"end":{"line":39,"column":21}}},"fnMap":{"0":{"name":"(anonymous_0)","decl":{"start":{"line":26,"column":1},"end":{"line":26,"column":2}},"loc":{"start":{"line":26,"column":13},"end":{"line":36,"column":1}},"line":26},"1":{"name":"(anonymous_1)","decl":{"start":{"line":29,"column":25},"end":{"line":29,"column":26}},"loc":{"start":{"line":29,"column":31},"end":{"line":32,"column":9}},"line":29}},"branchMap":{},"s":{"0":1,"1":1,"2":1,"3":1,"4":1,"5":1,"6":1,"7":1,"8":1,"9":1,"10":1,"11":1,"12":1,"13":1,"14":1,"15":1,"16":1,"17":1,"18":1,"19":0,"20":1},"f":{"0":1,"1":1},"b":{},"_coverageSchema":"1a1c01bbd47fc00a2c39e90264f33305004495a9","hash":"c956b1821f88b8eaff929bbe14d2174ee83f39ae"}
,"D:\\LawSikho\\POC\\CURD-OPERATION-PG-SQL\\config\\db.js": {"path":"D:\\LawSikho\\POC\\CURD-OPERATION-PG-SQL\\config\\db.js","statementMap":{"0":{"start":{"line":1,"column":22},"end":{"line":1,"column":42}},"1":{"start":{"line":3,"column":18},"end":{"line":7,"column":2}},"2":{"start":{"line":9,"column":20},"end":{"line":16,"column":1}},"3":{"start":{"line":10,"column":4},"end":{"line":15,"column":5}},"4":{"start":{"line":11,"column":8},"end":{"line":11,"column":39}},"5":{"start":{"line":12,"column":8},"end":{"line":12,"column":64}},"6":{"start":{"line":14,"column":8},"end":{"line":14,"column":73}},"7":{"start":{"line":18,"column":0},"end":{"line":18,"column":14}},"8":{"start":{"line":19,"column":0},"end":{"line":19,"column":27}}},"fnMap":{"0":{"name":"(anonymous_0)","decl":{"start":{"line":9,"column":20},"end":{"line":9,"column":21}},"loc":{"start":{"line":9,"column":32},"end":{"line":16,"column":1}},"line":9}},"branchMap":{},"s":{"0":1,"1":1,"2":1,"3":1,"4":1,"5":1,"6":0,"7":1,"8":1},"f":{"0":1},"b":{},"_coverageSchema":"1a1c01bbd47fc00a2c39e90264f33305004495a9","hash":"bfc8ffce74c3d36807aadac2cd67b691cd912d9f"}
,"D:\\LawSikho\\POC\\CURD-OPERATION-PG-SQL\\controllers\\userController.js": {"path":"D:\\LawSikho\\POC\\CURD-OPERATION-PG-SQL\\controllers\\userController.js","statementMap":{"0":{"start":{"line":1,"column":13},"end":{"line":1,"column":43}},"1":{"start":{"line":4,"column":0},"end":{"line":11,"column":2}},"2":{"start":{"line":5,"column":4},"end":{"line":10,"column":5}},"3":{"start":{"line":6,"column":21},"end":{"line":6,"column":48}},"4":{"start":{"line":7,"column":8},"end":{"line":7,"column":35}},"5":{"start":{"line":9,"column":8},"end":{"line":9,"column":55}},"6":{"start":{"line":14,"column":0},"end":{"line":21,"column":2}},"7":{"start":{"line":15,"column":4},"end":{"line":20,"column":5}},"8":{"start":{"line":16,"column":22},"end":{"line":16,"column":42}},"9":{"start":{"line":17,"column":8},"end":{"line":17,"column":36}},"10":{"start":{"line":19,"column":8},"end":{"line":19,"column":55}},"11":{"start":{"line":24,"column":0},"end":{"line":35,"column":2}},"12":{"start":{"line":25,"column":4},"end":{"line":34,"column":5}},"13":{"start":{"line":26,"column":21},"end":{"line":26,"column":55}},"14":{"start":{"line":27,"column":8},"end":{"line":31,"column":9}},"15":{"start":{"line":28,"column":12},"end":{"line":28,"column":39}},"16":{"start":{"line":30,"column":12},"end":{"line":30,"column":64}},"17":{"start":{"line":33,"column":8},"end":{"line":33,"column":55}},"18":{"start":{"line":38,"column":0},"end":{"line":50,"column":2}},"19":{"start":{"line":39,"column":4},"end":{"line":49,"column":5}},"20":{"start":{"line":40,"column":21},"end":{"line":40,"column":55}},"21":{"start":{"line":41,"column":8},"end":{"line":46,"column":9}},"22":{"start":{"line":42,"column":12},"end":{"line":42,"column":40}},"23":{"start":{"line":43,"column":12},"end":{"line":43,"column":39}},"24":{"start":{"line":45,"column":12},"end":{"line":45,"column":64}},"25":{"start":{"line":48,"column":8},"end":{"line":48,"column":55}},"26":{"start":{"line":53,"column":0},"end":{"line":65,"column":2}},"27":{"start":{"line":54,"column":4},"end":{"line":64,"column":5}},"28":{"start":{"line":55,"column":21},"end":{"line":55,"column":55}},"29":{"start":{"line":56,"column":8},"end":{"line":61,"column":9}},"30":{"start":{"line":57,"column":12},"end":{"line":57,"column":33}},"31":{"start":{"line":58,"column":12},"end":{"line":58,"column":75}},"32":{"start":{"line":60,"column":12},"end":{"line":60,"column":64}},"33":{"start":{"line":63,"column":8},"end":{"line":63,"column":55}}},"fnMap":{"0":{"name":"(anonymous_0)","decl":{"start":{"line":4,"column":21},"end":{"line":4,"column":22}},"loc":{"start":{"line":4,"column":41},"end":{"line":11,"column":1}},"line":4},"1":{"name":"(anonymous_1)","decl":{"start":{"line":14,"column":22},"end":{"line":14,"column":23}},"loc":{"start":{"line":14,"column":42},"end":{"line":21,"column":1}},"line":14},"2":{"name":"(anonymous_2)","decl":{"start":{"line":24,"column":22},"end":{"line":24,"column":23}},"loc":{"start":{"line":24,"column":42},"end":{"line":35,"column":1}},"line":24},"3":{"name":"(anonymous_3)","decl":{"start":{"line":38,"column":21},"end":{"line":38,"column":22}},"loc":{"start":{"line":38,"column":41},"end":{"line":50,"column":1}},"line":38},"4":{"name":"(anonymous_4)","decl":{"start":{"line":53,"column":21},"end":{"line":53,"column":22}},"loc":{"start":{"line":53,"column":41},"end":{"line":65,"column":1}},"line":53}},"branchMap":{"0":{"loc":{"start":{"line":27,"column":8},"end":{"line":31,"column":9}},"type":"if","locations":[{"start":{"line":27,"column":8},"end":{"line":31,"column":9}},{"start":{"line":29,"column":15},"end":{"line":31,"column":9}}],"line":27},"1":{"loc":{"start":{"line":41,"column":8},"end":{"line":46,"column":9}},"type":"if","locations":[{"start":{"line":41,"column":8},"end":{"line":46,"column":9}},{"start":{"line":44,"column":15},"end":{"line":46,"column":9}}],"line":41},"2":{"loc":{"start":{"line":56,"column":8},"end":{"line":61,"column":9}},"type":"if","locations":[{"start":{"line":56,"column":8},"end":{"line":61,"column":9}},{"start":{"line":59,"column":15},"end":{"line":61,"column":9}}],"line":56}},"s":{"0":1,"1":1,"2":1,"3":1,"4":1,"5":0,"6":1,"7":1,"8":1,"9":1,"10":0,"11":1,"12":1,"13":1,"14":1,"15":1,"16":0,"17":0,"18":1,"19":1,"20":1,"21":1,"22":1,"23":1,"24":0,"25":0,"26":1,"27":1,"28":1,"29":1,"30":1,"31":1,"32":0,"33":0},"f":{"0":1,"1":1,"2":1,"3":1,"4":1},"b":{"0":[1,0],"1":[1,0],"2":[1,0]},"_coverageSchema":"1a1c01bbd47fc00a2c39e90264f33305004495a9","hash":"141c8ee393b2fa2449558389a93c65dd9c026f35"}
,"D:\\LawSikho\\POC\\CURD-OPERATION-PG-SQL\\models\\userModel.js": {"path":"D:\\LawSikho\\POC\\CURD-OPERATION-PG-SQL\\models\\userModel.js","statementMap":{"0":{"start":{"line":1,"column":22},"end":{"line":1,"column":42}},"1":{"start":{"line":3,"column":18},"end":{"line":3,"column":41}},"2":{"start":{"line":6,"column":13},"end":{"line":26,"column":2}},"3":{"start":{"line":28,"column":0},"end":{"line":28,"column":22}}},"fnMap":{},"branchMap":{},"s":{"0":1,"1":1,"2":1,"3":1},"f":{},"b":{},"_coverageSchema":"1a1c01bbd47fc00a2c39e90264f33305004495a9","hash":"77d024a5fc57243b1f5c956ab0f43d6d0dd45c7f"}
,"D:\\LawSikho\\POC\\CURD-OPERATION-PG-SQL\\routes\\user.Routes.js": {"path":"D:\\LawSikho\\POC\\CURD-OPERATION-PG-SQL\\routes\\user.Routes.js","statementMap":{"0":{"start":{"line":1,"column":16},"end":{"line":1,"column":34}},"1":{"start":{"line":2,"column":15},"end":{"line":2,"column":31}},"2":{"start":{"line":3,"column":23},"end":{"line":3,"column":63}},"3":{"start":{"line":6,"column":0},"end":{"line":6,"column":50}},"4":{"start":{"line":9,"column":0},"end":{"line":9,"column":48}},"5":{"start":{"line":12,"column":0},"end":{"line":12,"column":52}},"6":{"start":{"line":14,"column":0},"end":{"line":14,"column":53}},"7":{"start":{"line":16,"column":0},"end":{"line":16,"column":56}},"8":{"start":{"line":18,"column":0},"end":{"line":18,"column":24}}},"fnMap":{},"branchMap":{},"s":{"0":1,"1":1,"2":1,"3":1,"4":1,"5":1,"6":1,"7":1,"8":1},"f":{},"b":{},"_coverageSchema":"1a1c01bbd47fc00a2c39e90264f33305004495a9","hash":"0ff75c3df768700256631cffd546545e78b05d56"}
}
